<?xml version="1.0" encoding="UTF-8"?>
<testsuite xmlns:xsi="http://www.w3.org/2001/XMLSchema-instance" xsi:noNamespaceSchemaLocation="https://maven.apache.org/surefire/maven-surefire-plugin/xsd/surefire-test-report-3.0.xsd" version="3.0" name="com.robot.robot_simulator.RobotTest" time="0.002" tests="6" errors="0" skipped="0" failures="0">
  <properties>
[...]
</properties>
  <testcase name="testMoveWithPenDown" classname="com.robot.robot_simulator.RobotTest" time="0.0"/>
  <testcase name="testInitialPosition" classname="com.robot.robot_simulator.RobotTest" time="0.0"/>
  <testcase name="testPenDown" classname="com.robot.robot_simulator.RobotTest" time="0.001"/>
  <testcase name="testTurnRight" classname="com.robot.robot_simulator.RobotTest" time="0.0"/>
  <testcase name="testTurnLeft" classname="com.robot.robot_simulator.RobotTest" time="0.0"/>
  <testcase name="testMoveNorth" classname="com.robot.robot_simulator.RobotTest" time="0.0"/>
</testsuite>